<?xml version="1.0" encoding="UTF-8"?>
<testsuite xmlns:xsi="http://www.w3.org/2001/XMLSchema-instance" xsi:noNamespaceSchemaLocation="https://maven.apache.org/surefire/maven-surefire-plugin/xsd/surefire-test-report.xsd" name="BaseEngineerTest" time="0.028" tests="6" errors="0" skipped="0" failures="0">
  <properties>
[...]
</properties>
  <testcase name="testAge[0]" classname="BaseEngineerTest" time="0.006"/>
  <testcase name="testSkill[0]" classname="BaseEngineerTest" time="0"/>
  <testcase name="testExperience[0]" classname="BaseEngineerTest" time="0"/>
  <testcase name="testAge[1]" classname="BaseEngineerTest" time="0"/>
  <testcase name="testSkill[1]" classname="BaseEngineerTest" time="0"/>
  <testcase name="testExperience[1]" classname="BaseEngineerTest" time="0"/>
</testsuite>